0 info it worked if it ends with ok
1 verbose cli [ '/usr/local/bin/node',
1 verbose cli   '/usr/local/bin/npm',
1 verbose cli   'install',
1 verbose cli   '-g',
1 verbose cli   'bower' ]
2 info using npm@2.10.1
3 info using node@v0.12.4
4 verbose install initial load of /usr/local/lib/package.json
5 verbose readDependencies loading dependencies from /usr/local/lib/package.json
6 silly cache add args [ 'bower', null ]
7 verbose cache add spec bower
8 silly cache add parsed spec { raw: 'bower',
8 silly cache add   scope: null,
8 silly cache add   name: 'bower',
8 silly cache add   rawSpec: '',
8 silly cache add   spec: '*',
8 silly cache add   type: 'range' }
9 silly addNamed bower@*
10 verbose addNamed "*" is a valid semver range for bower
11 silly addNameRange { name: 'bower', range: '*', hasData: false }
12 silly mapToRegistry name bower
13 silly mapToRegistry using default registry
14 silly mapToRegistry registry http://172.16.2.60:4873/
15 silly mapToRegistry uri http://172.16.2.60:4873/bower
16 verbose addNameRange registry:http://172.16.2.60:4873/bower not in flight; fetching
17 verbose request uri http://172.16.2.60:4873/bower
18 verbose request no auth needed
19 info attempt registry request try #1 at 11:14:58
20 verbose request id e732b0c18dc19c42
21 verbose etag "2c91a6f740e846a322beb9ff993b6abd"
22 http request GET http://172.16.2.60:4873/bower
23 http 200 http://172.16.2.60:4873/bower
24 silly get cb [ 200,
24 silly get   { 'x-powered-by': 'Sinopia/1.4.0',
24 silly get     'content-type': 'application/json; charset=utf-8',
24 silly get     etag: '"eab1c5b3c46921568fb5f78720a4bdc3"',
24 silly get     vary: 'Accept-Encoding',
24 silly get     'content-encoding': 'gzip',
24 silly get     'x-status-cat': 'http://flic.kr/p/aVuVsF',
24 silly get     date: 'Tue, 08 Mar 2016 10:14:57 GMT',
24 silly get     connection: 'keep-alive',
24 silly get     'transfer-encoding': 'chunked' } ]
25 verbose get saving bower to /home/turpin/.npm/172.16.2.60_4873/bower/.cache.json
26 silly addNameRange number 2 { name: 'bower', range: '*', hasData: true }
27 silly addNameRange versions [ 'bower',
27 silly addNameRange   [ '0.1.0',
27 silly addNameRange     '0.1.2',
27 silly addNameRange     '0.1.3',
27 silly addNameRange     '0.2.0',
27 silly addNameRange     '0.3.0',
27 silly addNameRange     '0.3.1',
27 silly addNameRange     '0.3.2',
27 silly addNameRange     '0.4.0',
27 silly addNameRange     '0.5.0',
27 silly addNameRange     '0.5.1',
27 silly addNameRange     '0.6.0',
27 silly addNameRange     '0.6.1',
27 silly addNameRange     '0.6.2',
27 silly addNameRange     '0.6.3',
27 silly addNameRange     '0.6.4',
27 silly addNameRange     '0.6.5',
27 silly addNameRange     '0.6.6',
27 silly addNameRange     '0.6.7',
27 silly addNameRange     '0.6.8',
27 silly addNameRange     '0.7.0',
27 silly addNameRange     '0.7.1',
27 silly addNameRange     '0.8.0',
27 silly addNameRange     '0.8.1',
27 silly addNameRange     '0.8.2',
27 silly addNameRange     '0.8.3',
27 silly addNameRange     '0.8.4',
27 silly addNameRange     '0.8.5',
27 silly addNameRange     '0.8.6',
27 silly addNameRange     '0.9.0',
27 silly addNameRange     '0.9.1',
27 silly addNameRange     '0.9.2',
27 silly addNameRange     '0.10.0',
27 silly addNameRange     '1.0.0',
27 silly addNameRange     '1.0.1',
27 silly addNameRange     '1.0.2',
27 silly addNameRange     '1.0.3',
27 silly addNameRange     '1.1.0',
27 silly addNameRange     '1.1.1',
27 silly addNameRange     '1.1.2',
27 silly addNameRange     '1.2.0',
27 silly addNameRange     '1.2.1',
27 silly addNameRange     '1.2.2',
27 silly addNameRange     '1.2.3',
27 silly addNameRange     '1.2.4',
27 silly addNameRange     '1.2.5',
27 silly addNameRange     '1.2.6',
27 silly addNameRange     '1.2.7',
27 silly addNameRange     '1.2.8',
27 silly addNameRange     '1.3.0',
27 silly addNameRange     '1.3.1',
27 silly addNameRange     '1.3.2',
27 silly addNameRange     '1.3.3',
27 silly addNameRange     '1.3.4',
27 silly addNameRange     '1.3.5',
27 silly addNameRange     '1.3.6',
27 silly addNameRange     '1.3.7',
27 silly addNameRange     '1.3.8',
27 silly addNameRange     '1.3.9',
27 silly addNameRange     '1.3.10',
27 silly addNameRange     '1.3.11',
27 silly addNameRange     '1.3.12',
27 silly addNameRange     '1.4.0',
27 silly addNameRange     '1.4.1',
27 silly addNameRange     '1.5.0',
27 silly addNameRange     '1.5.1',
27 silly addNameRange     '1.5.2',
27 silly addNameRange     '1.5.3',
27 silly addNameRange     '1.6.2',
27 silly addNameRange     '1.6.3',
27 silly addNameRange     '1.6.4',
27 silly addNameRange     '1.6.5',
27 silly addNameRange     '1.5.4',
27 silly addNameRange     '1.4.2',
27 silly addNameRange     '1.6.6',
27 silly addNameRange     '1.6.7',
27 silly addNameRange     '1.6.8',
27 silly addNameRange     '1.6.9',
27 silly addNameRange     '1.7.0',
27 silly addNameRange     '1.7.1',
27 silly addNameRange     '1.7.2',
27 silly addNameRange     '1.7.4',
27 silly addNameRange     '1.7.5',
27 silly addNameRange     '1.7.6',
27 silly addNameRange     '1.7.7' ] ]
28 silly addNamed bower@1.7.7
29 verbose addNamed "1.7.7" is a plain semver version for bower
30 silly mapToRegistry name bower
31 silly mapToRegistry using default registry
32 silly mapToRegistry registry http://172.16.2.60:4873/
33 silly mapToRegistry uri http://172.16.2.60:4873/bower
34 verbose addRemoteTarball http://172.16.2.60:4873/bower/-/bower-1.7.7.tgz not in flight; adding
35 verbose addRemoteTarball [ 'http://172.16.2.60:4873/bower/-/bower-1.7.7.tgz',
35 verbose addRemoteTarball   '2fd7ff3ebdcba5a8ffcd84c397c8fdfe9f825f92' ]
36 info retry fetch attempt 1 at 11:14:59
37 info attempt registry request try #1 at 11:14:59
38 http fetch GET http://172.16.2.60:4873/bower/-/bower-1.7.7.tgz
39 http fetch 200 http://172.16.2.60:4873/bower/-/bower-1.7.7.tgz
40 silly fetchAndShaCheck shasum 2fd7ff3ebdcba5a8ffcd84c397c8fdfe9f825f92
41 verbose addTmpTarball /tmp/npm-14240-a669266e/172.16.2.60_4873/bower/-/bower-1.7.7.tgz not in flight; adding
42 verbose addTmpTarball already have metadata; skipping unpack for bower@1.7.7
43 silly cache afterAdd bower@1.7.7
44 verbose afterAdd /home/turpin/.npm/bower/1.7.7/package/package.json not in flight; writing
45 verbose afterAdd /home/turpin/.npm/bower/1.7.7/package/package.json written
46 silly install resolved [ { name: 'bower',
46 silly install resolved     version: '1.7.7',
46 silly install resolved     description: 'The browser package manager',
46 silly install resolved     author: { name: 'Twitter' },
46 silly install resolved     license: 'MIT',
46 silly install resolved     repository: { type: 'git', url: 'git+https://github.com/bower/bower.git' },
46 silly install resolved     main: 'lib',
46 silly install resolved     bin: { bower: 'bin/bower' },
46 silly install resolved     homepage: 'http://bower.io',
46 silly install resolved     engines: { node: '>=0.10.0' },
46 silly install resolved     keywords: [ 'bower' ],
46 silly install resolved     files: [ 'bin', 'lib' ],
46 silly install resolved     bugs: { url: 'https://github.com/bower/bower/issues' },
46 silly install resolved     _id: 'bower@1.7.7',
46 silly install resolved     scripts: {},
46 silly install resolved     _shasum: '2fd7ff3ebdcba5a8ffcd84c397c8fdfe9f825f92',
46 silly install resolved     _from: 'bower@*',
46 silly install resolved     _npmVersion: '3.5.3',
46 silly install resolved     _nodeVersion: '4.1.1',
46 silly install resolved     _npmUser: { name: 'sheerun', email: 'sheerun@sher.pl' },
46 silly install resolved     dist:
46 silly install resolved      { shasum: '2fd7ff3ebdcba5a8ffcd84c397c8fdfe9f825f92',
46 silly install resolved        tarball: 'http://172.16.2.60:4873/bower/-/bower-1.7.7.tgz' },
46 silly install resolved     maintainers:
46 silly install resolved      [ [Object],
46 silly install resolved        [Object],
46 silly install resolved        [Object],
46 silly install resolved        [Object],
46 silly install resolved        [Object],
46 silly install resolved        [Object],
46 silly install resolved        [Object] ],
46 silly install resolved     directories: {},
46 silly install resolved     _resolved: 'http://172.16.2.60:4873/bower/-/bower-1.7.7.tgz' } ]
47 info install bower@1.7.7 into /usr/local/lib
48 info installOne bower@1.7.7
49 verbose installOne of bower to /usr/local/lib not in flight; installing
50 verbose lock using /home/turpin/.npm/_locks/bower-e8debc5417026b57.lock for /usr/local/lib/node_modules/bower
51 silly install write writing bower 1.7.7 to /usr/local/lib/node_modules/bower
52 verbose unbuild lib/node_modules/bower
53 info preuninstall bower@1.5.2
54 info uninstall bower@1.5.2
55 verbose unbuild rmStuff bower@1.5.2 from /usr/local/lib/node_modules
56 silly gentlyRm /usr/local/bin/bower is being gently removed
57 silly gentlyRm verifying /usr/local is an npm working directory
58 silly gentlyRm containing path /usr/local is under npm's control, in /usr/local
59 silly gentlyRm deletion target /usr/local/bin/bower is under /usr/local
60 verbose gentlyRm vacuuming from /usr/local/bin/bower up to /usr/local
61 silly vacuum-fs removing /usr/local/bin/bower
62 verbose unlock done using /home/turpin/.npm/_locks/bower-e8debc5417026b57.lock for /usr/local/lib/node_modules/bower
63 verbose stack Error: EACCES, unlink '/usr/local/bin/bower'
63 verbose stack     at Error (native)
64 verbose cwd /home/turpin/workspace/dx_project_manager/public/lib/potree
65 error Linux 3.19.0-18-generic
66 error argv "/usr/local/bin/node" "/usr/local/bin/npm" "install" "-g" "bower"
67 error node v0.12.4
68 error npm  v2.10.1
69 error path /usr/local/bin/bower
70 error code EACCES
71 error errno -13
72 error Error: EACCES, unlink '/usr/local/bin/bower'
72 error     at Error (native)
72 error  { [Error: EACCES, unlink '/usr/local/bin/bower'] errno: -13, code: 'EACCES', path: '/usr/local/bin/bower' }
73 error Please try running this command again as root/Administrator.
74 verbose exit [ -13, true ]
75 verbose unbuild lib/node_modules/bower
76 info preuninstall bower@1.5.2
77 info uninstall bower@1.5.2
78 verbose unbuild rmStuff bower@1.5.2 from /usr/local/lib/node_modules
79 silly gentlyRm /usr/local/bin/bower is being gently removed
80 silly gentlyRm verifying /usr/local is an npm working directory
81 silly gentlyRm containing path /usr/local is under npm's control, in /usr/local
82 silly gentlyRm deletion target /usr/local/bin/bower is under /usr/local
83 verbose gentlyRm vacuuming from /usr/local/bin/bower up to /usr/local
84 silly vacuum-fs removing /usr/local/bin/bower
85 error error rolling back Error: EACCES, unlink '/usr/local/bin/bower'
85 error error rolling back     at Error (native)
85 error error rolling back  { [Error: EACCES, unlink '/usr/local/bin/bower'] errno: -13, code: 'EACCES', path: '/usr/local/bin/bower' }
